app/build/intermediates/manifest_merge_blame_file/debug/manifest-merger-blame-debug-report.txt
1<?xml version="1.0" encoding="utf-8"?>
2<manifest xmlns:android="http://schemas.android.com/apk/res/android"
3    package="com.zmm.scanninganimation"
4    android:versionCode="1"
5    android:versionName="1.0" >
6
7    <uses-sdk
8        android:minSdkVersion="18"
8-->src\main\AndroidManifest.xml
9        android:targetSdkVersion="25" />
9-->src\main\AndroidManifest.xml
10
11    <meta-data
11-->[com.android.support:appcompat-v7:25.3.0] AndroidManifest.xml:25:5-27:34
12        android:name="android.support.VERSION"
12-->[com.android.support:appcompat-v7:25.3.0] AndroidManifest.xml:26:9-47
13        android:value="25.3.0" />
13-->[com.android.support:appcompat-v7:25.3.0] AndroidManifest.xml:27:9-31
14
15    <application
15-->src\main\AndroidManifest.xml:5:5-20:19
16        android:allowBackup="true"
16-->src\main\AndroidManifest.xml:6:9-35
17        android:debuggable="true"
18        android:icon="@mipmap/ic_launcher"
18-->src\main\AndroidManifest.xml:7:9-43
19        android:label="@string/app_name"
19-->src\main\AndroidManifest.xml:8:9-41
20        android:supportsRtl="true"
20-->src\main\AndroidManifest.xml:9:9-35
21        android:testOnly="true"
22        android:theme="@style/AppTheme" >
22-->src\main\AndroidManifest.xml:10:9-40
23        <activity
23-->src\main\AndroidManifest.xml:11:9-19:20
24            android:name="com.zmm.scanninganimation.MainActivity"
24-->src\main\AndroidManifest.xml:11:19-47
25            android:configChanges="orientation|keyboardHidden|screenSize"
25-->src\main\AndroidManifest.xml:12:19-80
26            android:screenOrientation="portrait" >
26-->src\main\AndroidManifest.xml:13:19-55
27            <intent-filter>
27-->src\main\AndroidManifest.xml:14:13-18:29
28                <action android:name="android.intent.action.MAIN" />
28-->src\main\AndroidManifest.xml:15:17-68
28-->src\main\AndroidManifest.xml:15:25-66
29
30                <category android:name="android.intent.category.LAUNCHER" />
30-->src\main\AndroidManifest.xml:17:17-76
30-->src\main\AndroidManifest.xml:17:27-74
31            </intent-filter>
32        </activity>
33    </application>
34
35</manifest>